<?xml version="1.0" encoding="UTF-8"?>
<!-- Generated by org.testng.reporters.JUnitReportReporter -->
<testsuite hostname="Pramodya" failures="0" tests="2" name="com.actitime.qa.testcases.UsersPageTest" time="29.073" errors="0" timestamp="26 Sep 2022 15:56:53 GMT" skipped="0">
  <testcase classname="com.actitime.qa.testcases.UsersPageTest" name="usersPageLogoTest" time="13.870"/>
  <testcase classname="com.actitime.qa.testcases.UsersPageTest" name="openUserProfile" time="15.203"/>
</testsuite> <!-- com.actitime.qa.testcases.UsersPageTest -->
