<?xml version="1.0" encoding="UTF-8"?>
<!-- Generated by org.testng.reporters.JUnitReportReporter -->
<testsuite hostname="Pramodya" failures="0" tests="3" name="com.actitime.qa.testcases.LogonPageTest" time="24.034" errors="0" timestamp="26 Sep 2022 15:42:23 GMT" skipped="0">
  <testcase classname="com.actitime.qa.testcases.LogonPageTest" name="loginPageLogoTest" time="7.997"/>
  <testcase classname="com.actitime.qa.testcases.LogonPageTest" name="LoginTest" time="7.778"/>
  <testcase classname="com.actitime.qa.testcases.LogonPageTest" name="LoginTest" time="8.259"/>
</testsuite> <!-- com.actitime.qa.testcases.LogonPageTest -->
