<?xml version="1.0" encoding="UTF-8"?>
<!-- Generated by org.testng.reporters.JUnitReportReporter -->
<testsuite hostname="Pramodya" failures="0" tests="5" name="com.actitime.qa.testcases.HomePageTest" time="102.249" errors="0" timestamp="26 Sep 2022 15:56:53 GMT" skipped="0">
  <testcase classname="com.actitime.qa.testcases.HomePageTest" name="goToApproveTimeTrack" time="15.421"/>
  <testcase classname="com.actitime.qa.testcases.HomePageTest" name="homePageLogoTest" time="13.207"/>
  <testcase classname="com.actitime.qa.testcases.HomePageTest" name="approveTimeTrack" time="44.580"/>
  <testcase classname="com.actitime.qa.testcases.HomePageTest" name="homePageUsersLinkTest" time="14.454"/>
  <testcase classname="com.actitime.qa.testcases.HomePageTest" name="homePageTaskLinkTest" time="14.587"/>
</testsuite> <!-- com.actitime.qa.testcases.HomePageTest -->
