<?xml version="1.0" encoding="UTF-8"?>
<!-- Generated by org.testng.reporters.JUnitReportReporter -->
<testsuite hostname="Pramodya" failures="0" tests="2" name="com.actitime.qa.testcases.UsersPageTest" time="33.662" errors="0" timestamp="26 Sep 2022 15:42:23 GMT" skipped="0">
  <testcase classname="com.actitime.qa.testcases.UsersPageTest" name="usersPageLogoTest" time="15.072"/>
  <testcase classname="com.actitime.qa.testcases.UsersPageTest" name="openUserProfile" time="18.590"/>
</testsuite> <!-- com.actitime.qa.testcases.UsersPageTest -->
