<?xml version="1.0" encoding="UTF-8"?>
<!-- Generated by org.testng.reporters.JUnitReportReporter -->
<testsuite hostname="Pramodya" failures="0" tests="4" name="com.actitime.qa.testcases.HomePageTest" time="58.101" errors="0" timestamp="26 Sep 2022 15:42:23 GMT" skipped="0">
  <testcase classname="com.actitime.qa.testcases.HomePageTest" name="homePageLogoTest" time="16.418"/>
  <testcase classname="com.actitime.qa.testcases.HomePageTest" name="goToApproveTimeTrack" time="12.543"/>
  <testcase classname="com.actitime.qa.testcases.HomePageTest" name="homePageTaskLinkTest" time="13.947"/>
  <testcase classname="com.actitime.qa.testcases.HomePageTest" name="homePageUsersLinkTest" time="15.193"/>
</testsuite> <!-- com.actitime.qa.testcases.HomePageTest -->
