<?xml version="1.0" encoding="UTF-8"?>
<!-- Generated by org.testng.reporters.JUnitReportReporter -->
<testsuite hostname="Pramodya" failures="0" tests="2" name="com.actitime.qa.testcases.ReportPageTest" time="35.450" errors="0" timestamp="26 Sep 2022 15:56:53 GMT" skipped="0">
  <testcase classname="com.actitime.qa.testcases.ReportPageTest" name="reportsPageLogoTest" time="16.210"/>
  <testcase classname="com.actitime.qa.testcases.ReportPageTest" name="reportsPagenewReportTest" time="19.240"/>
</testsuite> <!-- com.actitime.qa.testcases.ReportPageTest -->
