<?xml version="1.0" encoding="UTF-8"?>
<!-- Generated by org.testng.reporters.JUnitReportReporter -->
<testsuite hostname="Pramodya" failures="0" tests="2" name="com.actitime.qa.testcases.ReportPageTest" time="33.362" errors="0" timestamp="26 Sep 2022 15:42:23 GMT" skipped="0">
  <testcase classname="com.actitime.qa.testcases.ReportPageTest" name="reportsPageLogoTest" time="16.258"/>
  <testcase classname="com.actitime.qa.testcases.ReportPageTest" name="reportsPagenewReportTest" time="17.104"/>
</testsuite> <!-- com.actitime.qa.testcases.ReportPageTest -->
