<?xml version="1.0" encoding="UTF-8"?>
<!-- Generated by org.testng.reporters.JUnitReportReporter -->
<testsuite hostname="Pramodya" failures="0" tests="2" name="com.actitime.qa.testcases.ReportPageTest" time="34.995" errors="0" timestamp="26 Sep 2022 06:18:30 GMT" skipped="0">
  <testcase classname="com.actitime.qa.testcases.ReportPageTest" name="reportsPageLogoTest" time="16.797"/>
  <testcase classname="com.actitime.qa.testcases.ReportPageTest" name="reportsPagenewReportTest" time="18.198"/>
</testsuite> <!-- com.actitime.qa.testcases.ReportPageTest -->
