<?xml version="1.0" encoding="UTF-8"?>
<!-- Generated by org.testng.reporters.JUnitReportReporter -->
<testsuite hostname="Pramodya" failures="0" tests="3" name="com.actitime.qa.testcases.LogonPageTest" time="22.461" errors="0" timestamp="26 Sep 2022 06:18:30 GMT" skipped="0">
  <testcase classname="com.actitime.qa.testcases.LogonPageTest" name="loginPageLogoTest" time="7.302"/>
  <testcase classname="com.actitime.qa.testcases.LogonPageTest" name="LoginTest" time="7.719"/>
  <testcase classname="com.actitime.qa.testcases.LogonPageTest" name="LoginTest" time="7.440"/>
</testsuite> <!-- com.actitime.qa.testcases.LogonPageTest -->
