<?xml version="1.0" encoding="UTF-8"?>
<!-- Generated by org.testng.reporters.JUnitReportReporter -->
<testsuite hostname="Pramodya" failures="0" tests="3" name="com.actitime.qa.testcases.LogonPageTest" time="23.159" errors="0" timestamp="26 Sep 2022 15:56:53 GMT" skipped="0">
  <testcase classname="com.actitime.qa.testcases.LogonPageTest" name="loginPageLogoTest" time="7.913"/>
  <testcase classname="com.actitime.qa.testcases.LogonPageTest" name="LoginTest" time="7.618"/>
  <testcase classname="com.actitime.qa.testcases.LogonPageTest" name="LoginTest" time="7.628"/>
</testsuite> <!-- com.actitime.qa.testcases.LogonPageTest -->
